<?xml version="1.0" encoding="UTF-8"?>
<!-- Generated by org.testng.reporters.JUnitXMLReporter -->
<testsuite hostname="MacBook-Pro-Astaroth.local" ignored="1" name="Default test" tests="1" failures="0" timestamp="2021-10-30T23:58:24 WIB" time="128.014" errors="0">
  <testcase name="createAccount" time="83.261" classname="qaautomation.Test.AppTest"/>
  <testcase name="getCode" time="0.0" classname="qaautomation.Test.AppTest">
    <ignored/>
  </testcase> <!-- getCode -->
</testsuite> <!-- Default test -->
