<?xml version="1.0" encoding="UTF-8"?>
<testng-results skipped="0" failed="0" ignored="1" total="2" passed="1">
  <reporter-output>
  </reporter-output>
  <suite name="Default suite" duration-ms="128014" started-at="2021-10-30T23:56:11 WIB" finished-at="2021-10-30T23:58:19 WIB">
    <groups>
    </groups>
    <test name="Default test" duration-ms="128014" started-at="2021-10-30T23:56:11 WIB" finished-at="2021-10-30T23:58:19 WIB">
      <class name="qaautomation.Test.AppTest">
        <test-method status="PASS" signature="createChromeDriver()[pri:0, instance:qaautomation.Test.AppTest@2698dc7]" name="createChromeDriver" is-config="true" duration-ms="44306" started-at="2021-10-30T23:56:11 WIB" finished-at="2021-10-30T23:56:56 WIB">
          <reporter-output>
          </reporter-output>
        </test-method> <!-- createChromeDriver -->
        <test-method status="PASS" signature="createAccount()[pri:0, instance:qaautomation.Test.AppTest@2698dc7]" name="createAccount" duration-ms="83261" started-at="2021-10-30T23:56:56 WIB" finished-at="2021-10-30T23:58:19 WIB">
          <reporter-output>
          </reporter-output>
        </test-method> <!-- createAccount -->
        <test-method status="PASS" signature="quitChromeDriver()[pri:0, instance:qaautomation.Test.AppTest@2698dc7]" name="quitChromeDriver" is-config="true" duration-ms="388" started-at="2021-10-30T23:58:19 WIB" finished-at="2021-10-30T23:58:19 WIB">
          <reporter-output>
          </reporter-output>
        </test-method> <!-- quitChromeDriver -->
      </class> <!-- qaautomation.Test.AppTest -->
    </test> <!-- Default test -->
  </suite> <!-- Default suite -->
</testng-results>
